<?xml version="1.0" encoding="UTF-8"?>
<!-- Generated by org.testng.reporters.JUnitXMLReporter -->
<testsuite ignored="15" hostname="DESKTOP-E115GFV" failures="0" tests="3" name="Test" time="0.177" errors="0" timestamp="2025-07-31T13:58:18 IST">
  <testcase classname="TestNG_Groups.One" name="oneA" time="0.028"/>
  <testcase classname="TestNG_Groups.Two" name="twoB" time="0.002"/>
  <testcase classname="TestNG_Groups.Three" name="threeC" time="0.006"/>
  <testcase classname="Day1.Carrosel" name="method1" time="0.0">
    <ignored/>
  </testcase> <!-- method1 -->
  <testcase classname="TestNG_Groups.Three" name="threeB" time="0.0">
    <ignored/>
  </testcase> <!-- threeB -->
  <testcase classname="TestNG_Groups.Three" name="threeA" time="0.0">
    <ignored/>
  </testcase> <!-- threeA -->
  <testcase classname="Priority.Sample2" name="b" time="0.0">
    <ignored/>
  </testcase> <!-- b -->
  <testcase classname="Priority.Sample2" name="a" time="0.0">
    <ignored/>
  </testcase> <!-- a -->
  <testcase classname="Priority.Sample1" name="method3" time="0.0">
    <ignored/>
  </testcase> <!-- method3 -->
  <testcase classname="Priority.Sample1" name="method2" time="0.0">
    <ignored/>
  </testcase> <!-- method2 -->
  <testcase classname="Priority.Sample1" name="method1" time="0.0">
    <ignored/>
  </testcase> <!-- method1 -->
  <testcase classname="HiddenElement.HiddenElements" name="hiddenElements" time="0.0">
    <ignored/>
  </testcase> <!-- hiddenElements -->
  <testcase classname="Waits.ImplicitWaits" name="method" time="0.0">
    <ignored/>
  </testcase> <!-- method -->
  <testcase classname="TestNG_Groups.Two" name="twoC" time="0.0">
    <ignored/>
  </testcase> <!-- twoC -->
  <testcase classname="TestNG_Groups.One" name="oneC" time="0.0">
    <ignored/>
  </testcase> <!-- oneC -->
  <testcase classname="WindowHanlde.GetWindowHandle" name="handleWindow" time="0.0">
    <ignored/>
  </testcase> <!-- handleWindow -->
  <testcase classname="TestNG_Groups.One" name="oneB" time="0.0">
    <ignored/>
  </testcase> <!-- oneB -->
  <testcase classname="TestNG_Groups.Two" name="twoA" time="0.0">
    <ignored/>
  </testcase> <!-- twoA -->
</testsuite> <!-- Test -->
